commit 6b0ac16fde217e136fd81729bac12f453bbdd0b1
Author: Eric Ji <eric.ji3333@gmail.com>
Date:   Tue Jun 23 17:36:35 2020 -0500

    added more tests

commit 68ff008b18d3bf4cb8db8cc3a9c19a60e286b233
Author: Eric Ji <eric.ji3333@gmail.com>
Date:   Tue Jun 23 17:21:56 2020 -0500

    committing the rest

commit 77f461824215c45f7157ed5d01c954199bf0705c
Author: Eric Ji <eric.ji3333@gmail.com>
Date:   Tue Jun 23 17:20:51 2020 -0500

    commiting html

commit 00f09e9c98bc54b8e62bcc167524fb3ef50ccb42
Author: Eric Ji <eric.ji3333@gmail.com>
Date:   Tue Jun 23 17:19:30 2020 -0500

    commiting collatz

commit db35ea6b7783138ecc045a88ac36fe75de04f341
Author: Eric Ji <eric.ji3333@gmail.com>
Date:   Tue Jun 23 15:39:14 2020 -0500

    first commit

commit bd7f6d3bdec3c6337ea23b2dbcf1c1995ddba701
Author: Eric Ji <eric.ji3333@gmail.com>
Date:   Wed Jun 17 20:59:13 2020 -0500

    Eric's first commit

commit 45a3cbe33c6dfe7a910e989af9ed781ec5abbe33
Author: Fares Fraij <fares@utexas.edu>
Date:   Sat Jun 6 10:35:45 2020 -0500

    second commit

commit 0cd09a5c9fb1a857dce11686104ab052d42b269b
Author: Fares Fraij <fares@utexas.edu>
Date:   Fri May 29 11:11:36 2020 -0500

    first commit

commit 3390fe29f60392d73e1810e7b55331c613e4a1c5
Author: Fares Fraij <fares@utexas.edu>
Date:   Fri May 29 16:02:55 2020 +0000

    Initial commit
